This is pdfTeX, Version 3.14159265-2.6-1.40.18 (TeX Live 2017) (preloaded format=pdflatex 2017.11.19)  13 JAN 2019 17:17
entering extended mode
 restricted \write18 enabled.
 %&-line parsing enabled.
**lewis-mnras-2018
(./lewis-mnras-2018.tex
LaTeX2e <2017-04-15>
Babel <3.10> and hyphenation patterns for 84 language(s) loaded.
(/usr/local/texlive/2017/texmf-dist/tex/latex/mnras/mnras.cls
Document Class: mnras 2015/05/22\ v3.0\ LaTeX2e MNRAS document class
MNRAS document style v3.0, released 2015/05/22

Package mnras Warning: Unknown option `a4paper' on input line 113.

(/usr/local/texlive/2017/texmf-dist/tex/latex/geometry/geometry.sty
Package: geometry 2010/09/12 v5.6 Page Geometry

(/usr/local/texlive/2017/texmf-dist/tex/latex/graphics/keyval.sty
Package: keyval 2014/10/28 v1.15 key=value parser (DPC)
\KV@toks@=\toks14
)
(/usr/local/texlive/2017/texmf-dist/tex/generic/oberdiek/ifpdf.sty
Package: ifpdf 2017/03/15 v3.2 Provides the ifpdf switch
)
(/usr/local/texlive/2017/texmf-dist/tex/generic/oberdiek/ifvtex.sty
Package: ifvtex 2016/05/16 v1.6 Detect VTeX and its facilities (HO)
Package ifvtex Info: VTeX not detected.
)
(/usr/local/texlive/2017/texmf-dist/tex/generic/ifxetex/ifxetex.sty
Package: ifxetex 2010/09/12 v0.6 Provides ifxetex conditional
)
\Gm@cnth=\count79
\Gm@cntv=\count80
\c@Gm@tempcnt=\count81
\Gm@bindingoffset=\dimen102
\Gm@wd@mp=\dimen103
\Gm@odd@mp=\dimen104
\Gm@even@mp=\dimen105
\Gm@layoutwidth=\dimen106
\Gm@layoutheight=\dimen107
\Gm@layouthoffset=\dimen108
\Gm@layoutvoffset=\dimen109
\Gm@dimlist=\toks15
)
(/usr/local/texlive/2017/texmf-dist/tex/latex/base/fixltx2e.sty
Package: fixltx2e 2016/12/29 v2.1a fixes to LaTeX (obsolete)
Applying: [2015/01/01] Old fixltx2e package on input line 46.


Package fixltx2e Warning: fixltx2e is not required with releases after 2015
(fixltx2e)                All fixes are now in the LaTeX kernel.
(fixltx2e)                See the latexrelease package for details.

Already applied: [0000/00/00] Old fixltx2e package on input line 53.
) (/usr/local/texlive/2017/texmf-dist/tex/latex/hyperref/hyperref.sty
Package: hyperref 2017/03/14 v6.85a Hypertext links for LaTeX

(/usr/local/texlive/2017/texmf-dist/tex/generic/oberdiek/hobsub-hyperref.sty
Package: hobsub-hyperref 2016/05/16 v1.14 Bundle oberdiek, subset hyperref (HO)


(/usr/local/texlive/2017/texmf-dist/tex/generic/oberdiek/hobsub-generic.sty
Package: hobsub-generic 2016/05/16 v1.14 Bundle oberdiek, subset generic (HO)
Package: hobsub 2016/05/16 v1.14 Construct package bundles (HO)
Package: infwarerr 2016/05/16 v1.4 Providing info/warning/error messages (HO)
Package: ltxcmds 2016/05/16 v1.23 LaTeX kernel commands for general use (HO)
Package: ifluatex 2016/05/16 v1.4 Provides the ifluatex switch (HO)
Package ifluatex Info: LuaTeX not detected.
Package hobsub Info: Skipping package `ifvtex' (already loaded).
Package: intcalc 2016/05/16 v1.2 Expandable calculations with integers (HO)
Package hobsub Info: Skipping package `ifpdf' (already loaded).
Package: etexcmds 2016/05/16 v1.6 Avoid name clashes with e-TeX commands (HO)
Package etexcmds Info: Could not find \expanded.
(etexcmds)             That can mean that you are not using pdfTeX 1.50 or
(etexcmds)             that some package has redefined \expanded.
(etexcmds)             In the latter case, load this package earlier.
Package: kvsetkeys 2016/05/16 v1.17 Key value parser (HO)
Package: kvdefinekeys 2016/05/16 v1.4 Define keys (HO)
Package: pdftexcmds 2017/03/19 v0.25 Utility functions of pdfTeX for LuaTeX (HO
)
Package pdftexcmds Info: LuaTeX not detected.
Package pdftexcmds Info: \pdf@primitive is available.
Package pdftexcmds Info: \pdf@ifprimitive is available.
Package pdftexcmds Info: \pdfdraftmode found.
Package: pdfescape 2016/05/16 v1.14 Implements pdfTeX's escape features (HO)
Package: bigintcalc 2016/05/16 v1.4 Expandable calculations on big integers (HO
)
Package: bitset 2016/05/16 v1.2 Handle bit-vector datatype (HO)
Package: uniquecounter 2016/05/16 v1.3 Provide unlimited unique counter (HO)
)
Package hobsub Info: Skipping package `hobsub' (already loaded).
Package: letltxmacro 2016/05/16 v1.5 Let assignment for LaTeX macros (HO)
Package: hopatch 2016/05/16 v1.3 Wrapper for package hooks (HO)
Package: xcolor-patch 2016/05/16 xcolor patch
Package: atveryend 2016/05/16 v1.9 Hooks at the very end of document (HO)
Package atveryend Info: \enddocument detected (standard20110627).
Package: atbegshi 2016/06/09 v1.18 At begin shipout hook (HO)
Package: refcount 2016/05/16 v3.5 Data extraction from label references (HO)
Package: hycolor 2016/05/16 v1.8 Color options for hyperref/bookmark (HO)
)
(/usr/local/texlive/2017/texmf-dist/tex/latex/oberdiek/auxhook.sty
Package: auxhook 2016/05/16 v1.4 Hooks for auxiliary files (HO)
)
(/usr/local/texlive/2017/texmf-dist/tex/latex/oberdiek/kvoptions.sty
Package: kvoptions 2016/05/16 v3.12 Key value format for package options (HO)
)
\@linkdim=\dimen110
\Hy@linkcounter=\count82
\Hy@pagecounter=\count83

(/usr/local/texlive/2017/texmf-dist/tex/latex/hyperref/pd1enc.def
File: pd1enc.def 2017/03/14 v6.85a Hyperref: PDFDocEncoding definition (HO)
)
\Hy@SavedSpaceFactor=\count84

(/usr/local/texlive/2017/texmf-dist/tex/latex/latexconfig/hyperref.cfg
File: hyperref.cfg 2002/06/06 v1.2 hyperref configuration of TeXLive
)
Package hyperref Info: Hyper figures OFF on input line 4498.
Package hyperref Info: Link nesting OFF on input line 4503.
Package hyperref Info: Hyper index ON on input line 4506.
Package hyperref Info: Plain pages OFF on input line 4513.
Package hyperref Info: Backreferencing OFF on input line 4518.
Package hyperref Info: Implicit mode ON; LaTeX internals redefined.
Package hyperref Info: Bookmarks ON on input line 4751.
\c@Hy@tempcnt=\count85

(/usr/local/texlive/2017/texmf-dist/tex/latex/url/url.sty
\Urlmuskip=\muskip10
Package: url 2013/09/16  ver 3.4  Verb mode for urls, etc.
)
LaTeX Info: Redefining \url on input line 5104.
\XeTeXLinkMargin=\dimen111
\Fld@menulength=\count86
\Field@Width=\dimen112
\Fld@charsize=\dimen113
Package hyperref Info: Hyper figures OFF on input line 6358.
Package hyperref Info: Link nesting OFF on input line 6363.
Package hyperref Info: Hyper index ON on input line 6366.
Package hyperref Info: backreferencing OFF on input line 6373.
Package hyperref Info: Link coloring OFF on input line 6378.
Package hyperref Info: Link coloring with OCG OFF on input line 6383.
Package hyperref Info: PDF/A mode OFF on input line 6388.
LaTeX Info: Redefining \ref on input line 6428.
LaTeX Info: Redefining \pageref on input line 6432.


Package hyperref Warning: Option `pdfpagelabels' is turned off
(hyperref)                because \thepage is undefined.

\c@Item=\count87
\c@Hfootnote=\count88
)

Package hyperref Message: Driver (autodetected): hpdftex.

(/usr/local/texlive/2017/texmf-dist/tex/latex/hyperref/hpdftex.def
File: hpdftex.def 2017/03/14 v6.85a Hyperref driver for pdfTeX
\Fld@listcount=\count89
\c@bookmark@seq@number=\count90

(/usr/local/texlive/2017/texmf-dist/tex/latex/oberdiek/rerunfilecheck.sty
Package: rerunfilecheck 2016/05/16 v1.8 Rerun checks for auxiliary files (HO)
Package uniquecounter Info: New unique counter `rerunfilecheck' on input line 2
82.
)
\Hy@SectionHShift=\skip41
)
Package hyperref Info: Option `colorlinks' set `true' on input line 123.
\math@groups=\toks16
LaTeX Font Info:    Overwriting symbol font `symbols' in version `bold'
(Font)                  OMS/cmsy/b/n --> OMS/cmsy/b/n on input line 276.
\symbmisymbols=\mathgroup4
\SFB@measure=\dimen114
\realparindent=\skip42
\c@part=\count91
\c@section=\count92
\c@subsection=\count93
\c@subsubsection=\count94
\c@paragraph=\count95
\c@subparagraph=\count96
\@indentskip=\skip43
\smallindent=\skip44
\@footindent=\skip45
\@leftskip=\skip46

(/usr/local/texlive/2017/texmf-dist/tex/latex/natbib/natbib.sty
Package: natbib 2010/09/13 8.31b (PWD, AO)
\bibhang=\skip47
\bibsep=\skip48
LaTeX Info: Redefining \cite on input line 694.
\c@NAT@ctr=\count97
)
\c@table=\count98
\c@figure=\count99
)
(/usr/local/texlive/2017/texmf-dist/tex/latex/base/fontenc.sty
Package: fontenc 2017/04/05 v2.0i Standard LaTeX package

(/usr/local/texlive/2017/texmf-dist/tex/latex/base/t1enc.def
File: t1enc.def 2017/04/05 v2.0i Standard LaTeX file
LaTeX Font Info:    Redeclaring font encoding T1 on input line 48.
))
(/usr/local/texlive/2017/texmf-dist/tex/latex/ae/ae.sty
Package: ae 2001/02/12 1.3 Almost European Computer Modern

(/usr/local/texlive/2017/texmf-dist/tex/latex/base/fontenc.sty
Package: fontenc 2017/04/05 v2.0i Standard LaTeX package

(/usr/local/texlive/2017/texmf-dist/tex/latex/base/t1enc.def
File: t1enc.def 2017/04/05 v2.0i Standard LaTeX file
LaTeX Font Info:    Redeclaring font encoding T1 on input line 48.
)
LaTeX Font Info:    Try loading font information for T1+aer on input line 105.

(/usr/local/texlive/2017/texmf-dist/tex/latex/ae/t1aer.fd
File: t1aer.fd 1997/11/16 Font definitions for T1/aer.
)))
(/usr/local/texlive/2017/texmf-dist/tex/latex/ae/aecompl.sty
Package: aecompl 1998/07/23 0.9 T1 Complements for AE fonts (D. Roegel)
)
(/usr/local/texlive/2017/texmf-dist/tex/latex/graphics/graphicx.sty
Package: graphicx 2014/10/28 v1.0g Enhanced LaTeX Graphics (DPC,SPQR)

(/usr/local/texlive/2017/texmf-dist/tex/latex/graphics/graphics.sty
Package: graphics 2017/04/14 v1.1b Standard LaTeX Graphics (DPC,SPQR)

(/usr/local/texlive/2017/texmf-dist/tex/latex/graphics/trig.sty
Package: trig 2016/01/03 v1.10 sin cos tan (DPC)
)
(/usr/local/texlive/2017/texmf-dist/tex/latex/graphics-cfg/graphics.cfg
File: graphics.cfg 2016/06/04 v1.11 sample graphics configuration
)
Package graphics Info: Driver file: pdftex.def on input line 99.

(/usr/local/texlive/2017/texmf-dist/tex/latex/graphics-def/pdftex.def
File: pdftex.def 2017/01/12 v0.06k Graphics/color for pdfTeX
\Gread@gobject=\count100
))
\Gin@req@height=\dimen115
\Gin@req@width=\dimen116
)
(/usr/local/texlive/2017/texmf-dist/tex/latex/amsmath/amsmath.sty
Package: amsmath 2016/11/05 v2.16a AMS math features
\@mathmargin=\skip49

For additional information on amsmath, use the `?' option.
(/usr/local/texlive/2017/texmf-dist/tex/latex/amsmath/amstext.sty
Package: amstext 2000/06/29 v2.01 AMS text

(/usr/local/texlive/2017/texmf-dist/tex/latex/amsmath/amsgen.sty
File: amsgen.sty 1999/11/30 v2.0 generic functions
\@emptytoks=\toks17
\ex@=\dimen117
))
(/usr/local/texlive/2017/texmf-dist/tex/latex/amsmath/amsbsy.sty
Package: amsbsy 1999/11/29 v1.2d Bold Symbols
\pmbraise@=\dimen118
)
(/usr/local/texlive/2017/texmf-dist/tex/latex/amsmath/amsopn.sty
Package: amsopn 2016/03/08 v2.02 operator names
)
\inf@bad=\count101
LaTeX Info: Redefining \frac on input line 213.
\uproot@=\count102
\leftroot@=\count103
LaTeX Info: Redefining \overline on input line 375.
\classnum@=\count104
\DOTSCASE@=\count105
LaTeX Info: Redefining \ldots on input line 472.
LaTeX Info: Redefining \dots on input line 475.
LaTeX Info: Redefining \cdots on input line 596.
\Mathstrutbox@=\box26
\strutbox@=\box27
\big@size=\dimen119
LaTeX Font Info:    Redeclaring font encoding OML on input line 712.
LaTeX Font Info:    Redeclaring font encoding OMS on input line 713.
\macc@depth=\count106
\c@MaxMatrixCols=\count107
\dotsspace@=\muskip11
\c@parentequation=\count108
\dspbrk@lvl=\count109
\tag@help=\toks18
\row@=\count110
\column@=\count111
\maxfields@=\count112
\andhelp@=\toks19
\eqnshift@=\dimen120
\alignsep@=\dimen121
\tagshift@=\dimen122
\tagwidth@=\dimen123
\totwidth@=\dimen124
\lineht@=\dimen125
\@envbody=\toks20
\multlinegap=\skip50
\multlinetaggap=\skip51
\mathdisplay@stack=\toks21
LaTeX Info: Redefining \[ on input line 2817.
LaTeX Info: Redefining \] on input line 2818.
)
(/usr/local/texlive/2017/texmf-dist/tex/latex/amsfonts/amssymb.sty
Package: amssymb 2013/01/14 v3.01 AMS font symbols

(/usr/local/texlive/2017/texmf-dist/tex/latex/amsfonts/amsfonts.sty
Package: amsfonts 2013/01/14 v3.01 Basic AMSFonts support
\symAMSa=\mathgroup5
\symAMSb=\mathgroup6
LaTeX Font Info:    Overwriting math alphabet `\mathfrak' in version `bold'
(Font)                  U/euf/m/n --> U/euf/b/n on input line 106.
))
(/usr/local/texlive/2017/texmf-dist/tex/latex/booktabs/booktabs.sty
Package: booktabs 2016/04/27 v1.618033 publication quality tables
\heavyrulewidth=\dimen126
\lightrulewidth=\dimen127
\cmidrulewidth=\dimen128
\belowrulesep=\dimen129
\belowbottomsep=\dimen130
\aboverulesep=\dimen131
\abovetopsep=\dimen132
\cmidrulesep=\dimen133
\cmidrulekern=\dimen134
\defaultaddspace=\dimen135
\@cmidla=\count113
\@cmidlb=\count114
\@aboverulesep=\dimen136
\@belowrulesep=\dimen137
\@thisruleclass=\count115
\@lastruleclass=\count116
\@thisrulewidth=\dimen138
)
(/usr/local/texlive/2017/texmf-dist/tex/latex/mathtools/mathtools.sty
Package: mathtools 2015/11/12 v1.18 mathematical typesetting tools

(/usr/local/texlive/2017/texmf-dist/tex/latex/tools/calc.sty
Package: calc 2014/10/28 v4.3 Infix arithmetic (KKT,FJ)
\calc@Acount=\count117
\calc@Bcount=\count118
\calc@Adimen=\dimen139
\calc@Bdimen=\dimen140
\calc@Askip=\skip52
\calc@Bskip=\skip53
LaTeX Info: Redefining \setlength on input line 80.
LaTeX Info: Redefining \addtolength on input line 81.
\calc@Ccount=\count119
\calc@Cskip=\skip54
)
(/usr/local/texlive/2017/texmf-dist/tex/latex/mathtools/mhsetup.sty
Package: mhsetup 2010/01/21 v1.2a programming setup (MH)
)
LaTeX Info: Thecontrolsequence`\('isalreadyrobust on input line 129.
LaTeX Info: Thecontrolsequence`\)'isalreadyrobust on input line 129.
LaTeX Info: Thecontrolsequence`\['isalreadyrobust on input line 129.
LaTeX Info: Thecontrolsequence`\]'isalreadyrobust on input line 129.
\g_MT_multlinerow_int=\count120
\l_MT_multwidth_dim=\dimen141
\origjot=\skip55
\l_MT_shortvdotswithinadjustabove_dim=\dimen142
\l_MT_shortvdotswithinadjustbelow_dim=\dimen143
\l_MT_above_intertext_sep=\dimen144
\l_MT_below_intertext_sep=\dimen145
\l_MT_above_shortintertext_sep=\dimen146
\l_MT_below_shortintertext_sep=\dimen147
)
(/usr/local/texlive/2017/texmf-dist/tex/latex/oberdiek/pdflscape.sty
Package: pdflscape 2016/05/14 v0.11 Display of landscape pages in PDF (HO)

(/usr/local/texlive/2017/texmf-dist/tex/latex/graphics/lscape.sty
Package: lscape 2000/10/22 v3.01 Landscape Pages (DPC)
)
Package pdflscape Info: Auto-detected driver: pdftex on input line 81.
)
(./lewis-mnras-2018.aux)
\openout1 = `lewis-mnras-2018.aux'.

LaTeX Font Info:    Checking defaults for OML/cmm/m/it on input line 83.
LaTeX Font Info:    ... okay on input line 83.
LaTeX Font Info:    Checking defaults for T1/cmr/m/n on input line 83.
LaTeX Font Info:    ... okay on input line 83.
LaTeX Font Info:    Checking defaults for OT1/cmr/m/n on input line 83.
LaTeX Font Info:    ... okay on input line 83.
LaTeX Font Info:    Checking defaults for OMS/cmsy/m/n on input line 83.
LaTeX Font Info:    ... okay on input line 83.
LaTeX Font Info:    Checking defaults for OMX/cmex/m/n on input line 83.
LaTeX Font Info:    ... okay on input line 83.
LaTeX Font Info:    Checking defaults for U/cmr/m/n on input line 83.
LaTeX Font Info:    ... okay on input line 83.
LaTeX Font Info:    Checking defaults for PD1/pdf/m/n on input line 83.
LaTeX Font Info:    ... okay on input line 83.

*geometry* driver: auto-detecting
*geometry* detected driver: pdftex
*geometry* verbose mode - [ preamble ] result:
* driver: pdftex
* paper: a4paper
* layout: <same size as paper>
* layoutoffset:(h,v)=(0.0pt,0.0pt)
* modes: twoside 
* h-part:(L,W,R)=(71.70166pt, 418.25368pt, 107.55254pt)
* v-part:(T,H,B)=(101.40665pt, 591.5302pt, 152.11pt)
* \paperwidth=597.50787pt
* \paperheight=845.04684pt
* \textwidth=504.0pt
* \textheight=682.0pt
* \oddsidemargin=-30.0pt
* \evensidemargin=-30.0pt
* \topmargin=0.0pt
* \headheight=14.0pt
* \headsep=15.0pt
* \topskip=9.0pt
* \footskip=22.0pt
* \marginparwidth=48.0pt
* \marginparsep=6.0pt
* \columnsep=24.0pt
* \skip\footins=19.5pt plus 12.0pt minus 1.0pt
* \hoffset=0.0pt
* \voffset=0.0pt
* \mag=1000
* \@twocolumntrue
* \@twosidetrue
* \@mparswitchtrue
* \@reversemarginfalse
* (1in=72.27pt=25.4mm, 1cm=28.453pt)

\AtBeginShipoutBox=\box28
(/usr/local/texlive/2017/texmf-dist/tex/latex/graphics/color.sty
Package: color 2016/07/10 v1.1e Standard LaTeX Color (DPC)

(/usr/local/texlive/2017/texmf-dist/tex/latex/graphics-cfg/color.cfg
File: color.cfg 2016/01/02 v1.6 sample color configuration
)
Package color Info: Driver file: pdftex.def on input line 147.
)
Package hyperref Info: Link coloring ON on input line 83.

(/usr/local/texlive/2017/texmf-dist/tex/latex/hyperref/nameref.sty
Package: nameref 2016/05/21 v2.44 Cross-referencing by name of section

(/usr/local/texlive/2017/texmf-dist/tex/generic/oberdiek/gettitlestring.sty
Package: gettitlestring 2016/05/16 v1.5 Cleanup title references (HO)
)
\c@section@level=\count121
)
LaTeX Info: Redefining \ref on input line 83.
LaTeX Info: Redefining \pageref on input line 83.
LaTeX Info: Redefining \nameref on input line 83.

(./lewis-mnras-2018.out) (./lewis-mnras-2018.out)
\@outlinefile=\write3
\openout3 = `lewis-mnras-2018.out'.


(/usr/local/texlive/2017/texmf-dist/tex/context/base/mkii/supp-pdf.mkii
[Loading MPS to PDF converter (version 2006.09.02).]
\scratchcounter=\count122
\scratchdimen=\dimen148
\scratchbox=\box29
\nofMPsegments=\count123
\nofMParguments=\count124
\everyMPshowfont=\toks22
\MPscratchCnt=\count125
\MPscratchDim=\dimen149
\MPnumerator=\count126
\makeMPintoPDFobject=\count127
\everyMPtoPDFconversion=\toks23
) (/usr/local/texlive/2017/texmf-dist/tex/latex/oberdiek/epstopdf-base.sty
Package: epstopdf-base 2016/05/15 v2.6 Base part for package epstopdf

(/usr/local/texlive/2017/texmf-dist/tex/latex/oberdiek/grfext.sty
Package: grfext 2016/05/16 v1.2 Manage graphics extensions (HO)
)
Package epstopdf-base Info: Redefining graphics rule for `.eps' on input line 4
38.
Package grfext Info: Graphics extension search list:
(grfext)             [.png,.pdf,.jpg,.mps,.jpeg,.jbig2,.jb2,.PNG,.PDF,.JPG,.JPE
G,.JBIG2,.JB2,.eps]
(grfext)             \AppendGraphicsExtensions on input line 456.

(/usr/local/texlive/2017/texmf-dist/tex/latex/latexconfig/epstopdf-sys.cfg
File: epstopdf-sys.cfg 2010/07/13 v1.3 Configuration of (r)epstopdf for TeX Liv
e
))
LaTeX Font Info:    Try loading font information for U+msa on input line 86.

(/usr/local/texlive/2017/texmf-dist/tex/latex/amsfonts/umsa.fd
File: umsa.fd 2013/01/14 v3.01 AMS symbols A
)
LaTeX Font Info:    Try loading font information for U+msb on input line 86.

(/usr/local/texlive/2017/texmf-dist/tex/latex/amsfonts/umsb.fd
File: umsb.fd 2013/01/14 v3.01 AMS symbols B
)
Underfull \vbox (badness 10000) has occurred while \output is active []


Underfull \vbox (badness 10000) has occurred while \output is active []

LaTeX Font Info:    Try loading font information for OMS+aer on input line 115.


(/usr/local/texlive/2017/texmf-dist/tex/latex/ae/omsaer.fd
File: omsaer.fd 1999/12/27
)
LaTeX Font Info:    Font shape `OMS/aer/m/n' in size <8> not available
(Font)              Font shape `OMS/cmsy/m/n' tried instead on input line 115.
 [1{/usr/local/texlive/2017/texmf-var/fonts/map/pdftex/updmap/pdftex.map}


]
LaTeX Font Info:    Try loading font information for T1+aett on input line 166.


(/usr/local/texlive/2017/texmf-dist/tex/latex/ae/t1aett.fd
File: t1aett.fd 1997/11/16 Font definitions for T1/aett.
) [2]
Underfull \hbox (badness 1281) in paragraph at lines 182--184
[]\T1/aer/m/n/9 We ex-tracted $\OT1/cmr/m/n/9 2[] \OMS/cmsy/m/n/9 ^^B \OT1/cmr/
m/n/9 2[]$ \T1/aer/m/it/9 Her-schel \T1/aer/m/n/9 sub-images at the
 []


Package hyperref Warning: Suppressing link with empty target on input line 189.



Package hyperref Warning: Suppressing link with empty target on input line 189.


<./figs/prob_ur_s2.png, id=277, 476.78125pt x 401.5pt>
File: ./figs/prob_ur_s2.png Graphic file (type png)

<use ./figs/prob_ur_s2.png>
Package pdftex.def Info: ./figs/prob_ur_s2.png used on input line 206.
(pdftex.def)             Requested size: 240.0pt x 202.10956pt.
 [3pdfTeX warning (ext4): destination with the same identifier (name{figure.1})
 has been already used, duplicate ignored

\AtBegShi@Output ...ipout \box \AtBeginShipoutBox 
                                                  \fi \fi 
l.253 
       <./figs/prob_ur_s2.png>]
Package epstopdf Info: Source file: <./figs/photoz_s2.eps>
(epstopdf)                    date: 2018-09-13 11:54:32
(epstopdf)                    size: 2669523 bytes
(epstopdf)             Output file: <./figs/photoz_s2-eps-converted-to.pdf>
(epstopdf)             Command: <repstopdf --outfile=./figs/photoz_s2-eps-conve
rted-to.pdf ./figs/photoz_s2.eps>
(epstopdf)             \includegraphics on input line 274.
runsystem(repstopdf --outfile=./figs/photoz_s2-eps-converted-to.pdf ./figs/phot
oz_s2.eps)...executed safely (allowed).

Package epstopdf Info: Result file: <./figs/photoz_s2-eps-converted-to.pdf>
(epstopdf)                    date: 2019-01-13 17:17:41
(epstopdf)                    size: 310728 bytes.

<./figs/photoz_s2-eps-converted-to.pdf, id=311, 483.8075pt x 392.46625pt>
File: ./figs/photoz_s2-eps-converted-to.pdf Graphic file (type pdf)

<use ./figs/photoz_s2-eps-converted-to.pdf>
Package pdftex.def Info: ./figs/photoz_s2-eps-converted-to.pdf used on input li
ne 274.
(pdftex.def)             Requested size: 240.0pt x 194.68758pt.
 [4pdfTeX warning (ext4): destination with the same identifier (name{table.1}) 
has been already used, duplicate ignored

\AtBegShi@Output ...ipout \box \AtBeginShipoutBox 
                                                  \fi \fi 
l.298 S
       FRs computed in this way are very sensitive to the underlying assumpt...
pdfTeX warning (ext4): destination with the same identifier (name{figure.2}) ha
s been already used, duplicate ignored

\AtBegShi@Output ...ipout \box \AtBeginShipoutBox 
                                                  \fi \fi 
l.298 S
       FRs computed in this way are very sensitive to the underlying assumpt...
 <./figs/photoz_s2-eps-converted-to.pdf>]
Underfull \hbox (badness 1314) in paragraph at lines 340--341
\T1/aer/m/n/9 with even-tual halo masses that range from $\OML/cmm/m/it/9 M[] \
OMS/cmsy/m/n/9 ^^Y
 []

[5]
Package epstopdf Info: Source file: <./figs/overdensity_histogram.eps>
(epstopdf)                    date: 2018-09-13 11:54:32
(epstopdf)                    size: 108636 bytes
(epstopdf)             Output file: <./figs/overdensity_histogram-eps-converted
-to.pdf>
(epstopdf)             Command: <repstopdf --outfile=./figs/overdensity_histogr
am-eps-converted-to.pdf ./figs/overdensity_histogram.eps>
(epstopdf)             \includegraphics on input line 367.
runsystem(repstopdf --outfile=./figs/overdensity_histogram-eps-converted-to.pdf
 ./figs/overdensity_histogram.eps)...executed safely (allowed).

Package epstopdf Info: Result file: <./figs/overdensity_histogram-eps-converted
-to.pdf>
(epstopdf)                    date: 2019-01-13 17:17:42
(epstopdf)                    size: 32955 bytes.

<./figs/overdensity_histogram-eps-converted-to.pdf, id=386, 475.7775pt x 356.33
125pt>
File: ./figs/overdensity_histogram-eps-converted-to.pdf Graphic file (type pdf)

 <use ./figs/overdensity_histogram-eps-converted-to.pdf>
Package pdftex.def Info: ./figs/overdensity_histogram-eps-converted-to.pdf used
 on input line 367.
(pdftex.def)             Requested size: 240.0pt x 179.74739pt.
Package epstopdf Info: Source file: <./figs/overdensity_kernel_density_estimate
.eps>
(epstopdf)                    date: 2018-09-13 11:54:32
(epstopdf)                    size: 183987 bytes
(epstopdf)             Output file: <./figs/overdensity_kernel_density_estimate
-eps-converted-to.pdf>
(epstopdf)             Command: <repstopdf --outfile=./figs/overdensity_kernel_
density_estimate-eps-converted-to.pdf ./figs/overdensity_kernel_density_estimat
e.eps>
(epstopdf)             \includegraphics on input line 368.
runsystem(repstopdf --outfile=./figs/overdensity_kernel_density_estimate-eps-co
nverted-to.pdf ./figs/overdensity_kernel_density_estimate.eps)...executed safel
y (allowed).

Package epstopdf Info: Result file: <./figs/overdensity_kernel_density_estimate
-eps-converted-to.pdf>
(epstopdf)                    date: 2019-01-13 17:17:43
(epstopdf)                    size: 130140 bytes.

<./figs/overdensity_kernel_density_estimate-eps-converted-to.pdf, id=387, 475.7
775pt x 397.485pt>
File: ./figs/overdensity_kernel_density_estimate-eps-converted-to.pdf Graphic f
ile (type pdf)

<use ./figs/overdensity_kernel_density_estimate-eps-converted-to.pdf>
Package pdftex.def Info: ./figs/overdensity_kernel_density_estimate-eps-convert
ed-to.pdf used on input line 368.
(pdftex.def)             Requested size: 240.0pt x 200.50696pt.
Package epstopdf Info: Source file: <./figs/S2COSMOSJ100249+023255-overdensity.
eps>
(epstopdf)                    date: 2018-09-13 11:54:32
(epstopdf)                    size: 245839 bytes
(epstopdf)             Output file: <./figs/S2COSMOSJ100249+023255-overdensity-
eps-converted-to.pdf>
(epstopdf)             Command: <repstopdf --outfile=./figs/S2COSMOSJ100249+023
255-overdensity-eps-converted-to.pdf ./figs/S2COSMOSJ100249+023255-overdensity.
eps>
(epstopdf)             \includegraphics on input line 411.
runsystem(repstopdf --outfile=./figs/S2COSMOSJ100249+023255-overdensity-eps-con
verted-to.pdf ./figs/S2COSMOSJ100249+023255-overdensity.eps)...executed safely 
(allowed).

Package epstopdf Info: Result file: <./figs/S2COSMOSJ100249+023255-overdensity-
eps-converted-to.pdf>
(epstopdf)                    date: 2019-01-13 17:17:43
(epstopdf)                    size: 116722 bytes.

<./figs/S2COSMOSJ100249+023255-overdensity-eps-converted-to.pdf, id=393, 461.72
5pt x 358.33875pt>
File: ./figs/S2COSMOSJ100249+023255-overdensity-eps-converted-to.pdf Graphic fi
le (type pdf)

<use ./figs/S2COSMOSJ100249+023255-overdensity-eps-converted-to.pdf>
Package pdftex.def Info: ./figs/S2COSMOSJ100249+023255-overdensity-eps-converte
d-to.pdf used on input line 411.
(pdftex.def)             Requested size: 252.0pt x 195.57234pt.
Package epstopdf Info: Source file: <./figs/S2COSMOSJ100249+023255-spire-rgb.ep
s>
(epstopdf)                    date: 2018-09-13 11:54:32
(epstopdf)                    size: 3117220 bytes
(epstopdf)             Output file: <./figs/S2COSMOSJ100249+023255-spire-rgb-ep
s-converted-to.pdf>
(epstopdf)             Command: <repstopdf --outfile=./figs/S2COSMOSJ100249+023
255-spire-rgb-eps-converted-to.pdf ./figs/S2COSMOSJ100249+023255-spire-rgb.eps>

(epstopdf)             \includegraphics on input line 412.
runsystem(repstopdf --outfile=./figs/S2COSMOSJ100249+023255-spire-rgb-eps-conve
rted-to.pdf ./figs/S2COSMOSJ100249+023255-spire-rgb.eps)...executed safely (all
owed).

Package epstopdf Info: Result file: <./figs/S2COSMOSJ100249+023255-spire-rgb-ep
s-converted-to.pdf>
(epstopdf)                    date: 2019-01-13 17:17:44
(epstopdf)                    size: 611526 bytes.

<./figs/S2COSMOSJ100249+023255-spire-rgb-eps-converted-to.pdf, id=394, 378.4137
6pt x 358.33875pt>
File: ./figs/S2COSMOSJ100249+023255-spire-rgb-eps-converted-to.pdf Graphic file
 (type pdf)

<use ./figs/S2COSMOSJ100249+023255-spire-rgb-eps-converted-to.pdf>
Package pdftex.def Info: ./figs/S2COSMOSJ100249+023255-spire-rgb-eps-converted-
to.pdf used on input line 412.
(pdftex.def)             Requested size: 206.64185pt x 195.68169pt.
Package epstopdf Info: Source file: <./figs/S2COSMOSJ095748+015843-overdensity.
eps>
(epstopdf)                    date: 2018-09-13 11:54:32
(epstopdf)                    size: 379432 bytes
(epstopdf)             Output file: <./figs/S2COSMOSJ095748+015843-overdensity-
eps-converted-to.pdf>
(epstopdf)             Command: <repstopdf --outfile=./figs/S2COSMOSJ095748+015
843-overdensity-eps-converted-to.pdf ./figs/S2COSMOSJ095748+015843-overdensity.
eps>
(epstopdf)             \includegraphics on input line 413.
runsystem(repstopdf --outfile=./figs/S2COSMOSJ095748+015843-overdensity-eps-con
verted-to.pdf ./figs/S2COSMOSJ095748+015843-overdensity.eps)...executed safely 
(allowed).

Package epstopdf Info: Result file: <./figs/S2COSMOSJ095748+015843-overdensity-
eps-converted-to.pdf>
(epstopdf)                    date: 2019-01-13 17:17:45
(epstopdf)                    size: 102588 bytes.

<./figs/S2COSMOSJ095748+015843-overdensity-eps-converted-to.pdf, id=395, 461.72
5pt x 358.33875pt>
File: ./figs/S2COSMOSJ095748+015843-overdensity-eps-converted-to.pdf Graphic fi
le (type pdf)

<use ./figs/S2COSMOSJ095748+015843-overdensity-eps-converted-to.pdf>
Package pdftex.def Info: ./figs/S2COSMOSJ095748+015843-overdensity-eps-converte
d-to.pdf used on input line 413.
(pdftex.def)             Requested size: 252.0pt x 195.57234pt.
Package epstopdf Info: Source file: <./figs/S2COSMOSJ095748+015843-spire-rgb.ep
s>
(epstopdf)                    date: 2018-09-13 11:54:32
(epstopdf)                    size: 3040956 bytes
(epstopdf)             Output file: <./figs/S2COSMOSJ095748+015843-spire-rgb-ep
s-converted-to.pdf>
(epstopdf)             Command: <repstopdf --outfile=./figs/S2COSMOSJ095748+015
843-spire-rgb-eps-converted-to.pdf ./figs/S2COSMOSJ095748+015843-spire-rgb.eps>

(epstopdf)             \includegraphics on input line 414.
runsystem(repstopdf --outfile=./figs/S2COSMOSJ095748+015843-spire-rgb-eps-conve
rted-to.pdf ./figs/S2COSMOSJ095748+015843-spire-rgb.eps)...executed safely (all
owed).

Package epstopdf Info: Result file: <./figs/S2COSMOSJ095748+015843-spire-rgb-ep
s-converted-to.pdf>
(epstopdf)                    date: 2019-01-13 17:17:46
(epstopdf)                    size: 595863 bytes.

<./figs/S2COSMOSJ095748+015843-spire-rgb-eps-converted-to.pdf, id=396, 378.4137
6pt x 358.33875pt>
File: ./figs/S2COSMOSJ095748+015843-spire-rgb-eps-converted-to.pdf Graphic file
 (type pdf)

<use ./figs/S2COSMOSJ095748+015843-spire-rgb-eps-converted-to.pdf>
Package pdftex.def Info: ./figs/S2COSMOSJ095748+015843-spire-rgb-eps-converted-
to.pdf used on input line 414.
(pdftex.def)             Requested size: 206.64185pt x 195.68169pt.
Package epstopdf Info: Source file: <./figs/S2CLSJ021620-045054-overdensity.eps
>
(epstopdf)                    date: 2018-09-13 11:54:32
(epstopdf)                    size: 241694 bytes
(epstopdf)             Output file: <./figs/S2CLSJ021620-045054-overdensity-eps
-converted-to.pdf>
(epstopdf)             Command: <repstopdf --outfile=./figs/S2CLSJ021620-045054
-overdensity-eps-converted-to.pdf ./figs/S2CLSJ021620-045054-overdensity.eps>
(epstopdf)             \includegraphics on input line 415.
runsystem(repstopdf --outfile=./figs/S2CLSJ021620-045054-overdensity-eps-conver
ted-to.pdf ./figs/S2CLSJ021620-045054-overdensity.eps)...executed safely (allow
ed).

Package epstopdf Info: Result file: <./figs/S2CLSJ021620-045054-overdensity-eps
-converted-to.pdf>
(epstopdf)                    date: 2019-01-13 17:17:46
(epstopdf)                    size: 114176 bytes.

<./figs/S2CLSJ021620-045054-overdensity-eps-converted-to.pdf, id=397, 461.725pt
 x 358.33875pt>
File: ./figs/S2CLSJ021620-045054-overdensity-eps-converted-to.pdf Graphic file 
(type pdf)

<use ./figs/S2CLSJ021620-045054-overdensity-eps-converted-to.pdf>
Package pdftex.def Info: ./figs/S2CLSJ021620-045054-overdensity-eps-converted-t
o.pdf used on input line 415.
(pdftex.def)             Requested size: 252.0pt x 195.57234pt.
Package epstopdf Info: Source file: <./figs/S2CLSJ021620-045054-spire-rgb.eps>
(epstopdf)                    date: 2018-09-13 11:54:32
(epstopdf)                    size: 2218322 bytes
(epstopdf)             Output file: <./figs/S2CLSJ021620-045054-spire-rgb-eps-c
onverted-to.pdf>
(epstopdf)             Command: <repstopdf --outfile=./figs/S2CLSJ021620-045054
-spire-rgb-eps-converted-to.pdf ./figs/S2CLSJ021620-045054-spire-rgb.eps>
(epstopdf)             \includegraphics on input line 416.
runsystem(repstopdf --outfile=./figs/S2CLSJ021620-045054-spire-rgb-eps-converte
d-to.pdf ./figs/S2CLSJ021620-045054-spire-rgb.eps)...executed safely (allowed).

Package epstopdf Info: Result file: <./figs/S2CLSJ021620-045054-spire-rgb-eps-c
onverted-to.pdf>
(epstopdf)                    date: 2019-01-13 17:17:47
(epstopdf)                    size: 448208 bytes.

<./figs/S2CLSJ021620-045054-spire-rgb-eps-converted-to.pdf, id=398, 378.41376pt
 x 358.33875pt>
File: ./figs/S2CLSJ021620-045054-spire-rgb-eps-converted-to.pdf Graphic file (t
ype pdf)

<use ./figs/S2CLSJ021620-045054-spire-rgb-eps-converted-to.pdf>
Package pdftex.def Info: ./figs/S2CLSJ021620-045054-spire-rgb-eps-converted-to.
pdf used on input line 416.
(pdftex.def)             Requested size: 206.64185pt x 195.68169pt.


LaTeX Warning: Float too large for page by 17.58888pt on input line 428.

[6pdfTeX warning (ext4): destination with the same identifier (name{figure.3}) 
has been already used, duplicate ignored

\AtBegShi@Output ...ipout \box \AtBeginShipoutBox 
                                                  \fi \fi 
l.438 
       <./figs/overdensity_histogram-eps-converted-to.pdf> <./figs/overdensity_
kernel_density_estimate-eps-converted-to.pdf>] [7pdfTeX warning (ext4): destina
tion with the same identifier (name{figure.4}) has been already used, duplicate
 ignored

\AtBegShi@Output ...ipout \box \AtBeginShipoutBox 
                                                  \fi \fi 
l.438 
       <./figs/S2COSMOSJ100249+023255-overdensity-eps-converted-to.pdf> <./figs
/S2COSMOSJ100249+023255-spire-rgb-eps-converted-to.pdf> <./figs/S2COSMOSJ095748
+015843-overdensity-eps-converted-to.pdf> <./figs/S2COSMOSJ095748+015843-spire-
rgb-eps-converted-to.pdf> <./figs/S2CLSJ021620-045054-overdensity-eps-converted
-to.pdf> <./figs/S2CLSJ021620-045054-spire-rgb-eps-converted-to.pdf>]
Package epstopdf Info: Source file: <./figs/proximity.eps>
(epstopdf)                    date: 2018-09-13 11:54:32
(epstopdf)                    size: 521581 bytes
(epstopdf)             Output file: <./figs/proximity-eps-converted-to.pdf>
(epstopdf)             Command: <repstopdf --outfile=./figs/proximity-eps-conve
rted-to.pdf ./figs/proximity.eps>
(epstopdf)             \includegraphics on input line 455.
runsystem(repstopdf --outfile=./figs/proximity-eps-converted-to.pdf ./figs/prox
imity.eps)...executed safely (allowed).

Package epstopdf Info: Result file: <./figs/proximity-eps-converted-to.pdf>
(epstopdf)                    date: 2019-01-13 17:17:48
(epstopdf)                    size: 170771 bytes.

<./figs/proximity-eps-converted-to.pdf, id=451, 444.66125pt x 358.33875pt>
File: ./figs/proximity-eps-converted-to.pdf Graphic file (type pdf)

<use ./figs/proximity-eps-converted-to.pdf>
Package pdftex.def Info: ./figs/proximity-eps-converted-to.pdf used on input li
ne 455.
(pdftex.def)             Requested size: 287.99927pt x 232.08632pt.

Underfull \hbox (badness 1596) in paragraph at lines 470--476
[]\T1/aer/m/n/9 A proto-cluster con-tain-ing seven DS-FGs at $\OML/cmm/m/it/9 z
 \OMS/cmsy/m/n/9 ^^X
 []


Underfull \hbox (badness 7740) in paragraph at lines 470--476
\OT1/cmr/m/n/9 2\OML/cmm/m/it/9 :\OT1/cmr/m/n/9 5$ \T1/aer/m/n/9 within the COS
-MOS field was serendip-i-tously
 []


Underfull \hbox (badness 6110) in paragraph at lines 470--476
\T1/aer/m/n/9 un-veiled by [][]Casey et al.[][] ([][]2015[][]). Sit-u-ated in t
he
 []


Underfull \hbox (badness 5924) in paragraph at lines 470--476
\T1/aer/m/n/9 cen-tre and $\OMS/cmsy/m/n/9 ^^Y \OT1/cmr/m/n/9 10[][]$ \T1/aer/m
/n/9 north of this over-density are
 []


Underfull \hbox (badness 1755) in paragraph at lines 470--476
\T1/aer/m/n/9 the ultra-red galax-ies [] and
 []

[8]
Underfull \vbox (badness 10000) has occurred while \output is active []

Package epstopdf Info: Source file: <./figs/dust_masses.eps>
(epstopdf)                    date: 2018-09-13 11:54:32
(epstopdf)                    size: 317448 bytes
(epstopdf)             Output file: <./figs/dust_masses-eps-converted-to.pdf>
(epstopdf)             Command: <repstopdf --outfile=./figs/dust_masses-eps-con
verted-to.pdf ./figs/dust_masses.eps>
(epstopdf)             \includegraphics on input line 526.
runsystem(repstopdf --outfile=./figs/dust_masses-eps-converted-to.pdf ./figs/du
st_masses.eps)...executed safely (allowed).

Package epstopdf Info: Result file: <./figs/dust_masses-eps-converted-to.pdf>
(epstopdf)                    date: 2019-01-13 17:17:48
(epstopdf)                    size: 169735 bytes.

<./figs/dust_masses-eps-converted-to.pdf, id=504, 475.7775pt x 396.48125pt>
File: ./figs/dust_masses-eps-converted-to.pdf Graphic file (type pdf)

<use ./figs/dust_masses-eps-converted-to.pdf>
Package pdftex.def Info: ./figs/dust_masses-eps-converted-to.pdf used on input 
line 526.
(pdftex.def)             Requested size: 240.0pt x 200.00063pt.
Package epstopdf Info: Source file: <./figs/star_formation_rates.eps>
(epstopdf)                    date: 2018-09-13 11:54:32
(epstopdf)                    size: 308115 bytes
(epstopdf)             Output file: <./figs/star_formation_rates-eps-converted-
to.pdf>
(epstopdf)             Command: <repstopdf --outfile=./figs/star_formation_rate
s-eps-converted-to.pdf ./figs/star_formation_rates.eps>
(epstopdf)             \includegraphics on input line 527.
runsystem(repstopdf --outfile=./figs/star_formation_rates-eps-converted-to.pdf 
./figs/star_formation_rates.eps)...executed safely (allowed).

Package epstopdf Info: Result file: <./figs/star_formation_rates-eps-converted-
to.pdf>
(epstopdf)                    date: 2019-01-13 17:17:49
(epstopdf)                    size: 171501 bytes.

<./figs/star_formation_rates-eps-converted-to.pdf, id=505, 475.7775pt x 396.481
25pt>
File: ./figs/star_formation_rates-eps-converted-to.pdf Graphic file (type pdf)
 <use ./figs/star_formation_rates-eps-converted-to.pdf>
Package pdftex.def Info: ./figs/star_formation_rates-eps-converted-to.pdf used 
on input line 527.
(pdftex.def)             Requested size: 240.0pt x 200.00063pt.
 [9pdfTeX warning (ext4): destination with the same identifier (name{figure.5})
 has been already used, duplicate ignored

\AtBegShi@Output ...ipout \box \AtBeginShipoutBox 
                                                  \fi \fi 
l.548 
       <./figs/proximity-eps-converted-to.pdf>]
Underfull \vbox (badness 10000) has occurred while \output is active []

 [10pdfTeX warning (ext4): destination with the same identifier (name{figure.6}
) has been already used, duplicate ignored

\AtBegShi@Output ...ipout \box \AtBeginShipoutBox 
                                                  \fi \fi 
l.553 \begin{landscape}
                        <./figs/dust_masses-eps-converted-to.pdf> <./figs/star_
formation_rates-eps-converted-to.pdf>]
Underfull \vbox (badness 10000) has occurred while \output is active []


Overfull \hbox (860.0pt too wide) has occurred while \output is active
[] []|[] []
 []

[11pdfTeX warning (ext4): destination with the same identifier (name{table.2}) 
has been already used, duplicate ignored

\AtBegShi@Output ...ipout \box \AtBeginShipoutBox 
                                                  \fi \fi 
l.600 \end{landscape}
                     


]pdfTeX warning (ext4): destination with the same identifier (name{table.2}) ha
s been already used, duplicate ignored
<to be read again> 
                   \relax 
l.606     \caption
                  {(Continued ...)}pdfTeX warning (ext4): destination with the 
same identifier (name{table.2}) has been already used, duplicate ignored
<to be read again> 
                   \relax 
l.606     \caption{(Continued ...)}
                                   
Underfull \vbox (badness 10000) has occurred while \output is active []


Overfull \hbox (860.0pt too wide) has occurred while \output is active
[] []|[] []
 []

[12



]
Underfull \hbox (badness 10000) in paragraph at lines 659--659
$[]$ [][][][]$\T1/aett/m/n/8 ftp : / / ftp . iap . fr / pub / from _ users / hj
mcc / COSMOS2015 /
 []


Underfull \hbox (badness 10000) in paragraph at lines 661--661
$[]$ [][][][]$\T1/aett/m/n/8 http : / / www . nottingham . ac . uk / ~ppzoa / c
ls / UDS _ DR8 _
 []

[13

]
Package epstopdf Info: Source file: <./figs/q_prior.eps>
(epstopdf)                    date: 2018-09-13 11:54:32
(epstopdf)                    size: 106060 bytes
(epstopdf)             Output file: <./figs/q_prior-eps-converted-to.pdf>
(epstopdf)             Command: <repstopdf --outfile=./figs/q_prior-eps-convert
ed-to.pdf ./figs/q_prior.eps>
(epstopdf)             \includegraphics on input line 735.
runsystem(repstopdf --outfile=./figs/q_prior-eps-converted-to.pdf ./figs/q_prio
r.eps)...executed safely (allowed).

Package epstopdf Info: Result file: <./figs/q_prior-eps-converted-to.pdf>
(epstopdf)                    date: 2019-01-13 17:17:50
(epstopdf)                    size: 42410 bytes.
 <./figs/q_prior-eps-converted-to.pdf, id=602, 456.70625pt x 389.455pt>
File: ./figs/q_prior-eps-converted-to.pdf Graphic file (type pdf)

<use ./figs/q_prior-eps-converted-to.pdf>
Package pdftex.def Info: ./figs/q_prior-eps-converted-to.pdf used on input line
 735.
(pdftex.def)             Requested size: 257.99927pt x 220.01276pt.
Package epstopdf Info: Source file: <./figs/likelihood_ratio_false_positive.eps
>
(epstopdf)                    date: 2018-09-13 11:54:32
(epstopdf)                    size: 122970 bytes
(epstopdf)             Output file: <./figs/likelihood_ratio_false_positive-eps
-converted-to.pdf>
(epstopdf)             Command: <repstopdf --outfile=./figs/likelihood_ratio_fa
lse_positive-eps-converted-to.pdf ./figs/likelihood_ratio_false_positive.eps>
(epstopdf)             \includegraphics on input line 774.
runsystem(repstopdf --outfile=./figs/likelihood_ratio_false_positive-eps-conver
ted-to.pdf ./figs/likelihood_ratio_false_positive.eps)...executed safely (allow
ed).

Package epstopdf Info: Result file: <./figs/likelihood_ratio_false_positive-eps
-converted-to.pdf>
(epstopdf)                    date: 2019-01-13 17:17:50
(epstopdf)                    size: 37718 bytes.

<./figs/likelihood_ratio_false_positive-eps-converted-to.pdf, id=615, 483.8075p
t x 356.33125pt>
File: ./figs/likelihood_ratio_false_positive-eps-converted-to.pdf Graphic file 
(type pdf)

<use ./figs/likelihood_ratio_false_positive-eps-converted-to.pdf>
Package pdftex.def Info: ./figs/likelihood_ratio_false_positive-eps-converted-t
o.pdf used on input line 774.
(pdftex.def)             Requested size: 237.60132pt x 174.9953pt.
Package epstopdf Info: Source file: <./figs/likelihood_ratio.eps>
(epstopdf)                    date: 2018-09-13 11:54:32
(epstopdf)                    size: 71224 bytes
(epstopdf)             Output file: <./figs/likelihood_ratio-eps-converted-to.p
df>
(epstopdf)             Command: <repstopdf --outfile=./figs/likelihood_ratio-ep
s-converted-to.pdf ./figs/likelihood_ratio.eps>
(epstopdf)             \includegraphics on input line 775.
runsystem(repstopdf --outfile=./figs/likelihood_ratio-eps-converted-to.pdf ./fi
gs/likelihood_ratio.eps)...executed safely (allowed).

Package epstopdf Info: Result file: <./figs/likelihood_ratio-eps-converted-to.p
df>
(epstopdf)                    date: 2019-01-13 17:17:51
(epstopdf)                    size: 13522 bytes.

<./figs/likelihood_ratio-eps-converted-to.pdf, id=616, 486.81876pt x 396.48125p
t>
File: ./figs/likelihood_ratio-eps-converted-to.pdf Graphic file (type pdf)
 <use ./figs/likelihood_ratio-eps-converted-to.pdf>
Package pdftex.def Info: ./figs/likelihood_ratio-eps-converted-to.pdf used on i
nput line 775.
(pdftex.def)             Requested size: 240.0pt x 195.46327pt.
 [14pdfTeX warning (ext4): destination with the same identifier (name{table.3})
 has been already used, duplicate ignored

\AtBegShi@Output ...ipout \box \AtBeginShipoutBox 
                                                  \fi \fi 
l.795 
      ]
Package epstopdf Info: Source file: <./figs/stellar_mass.eps>
(epstopdf)                    date: 2018-09-13 11:54:32
(epstopdf)                    size: 463771 bytes
(epstopdf)             Output file: <./figs/stellar_mass-eps-converted-to.pdf>
(epstopdf)             Command: <repstopdf --outfile=./figs/stellar_mass-eps-co
nverted-to.pdf ./figs/stellar_mass.eps>
(epstopdf)             \includegraphics on input line 806.
runsystem(repstopdf --outfile=./figs/stellar_mass-eps-converted-to.pdf ./figs/s
tellar_mass.eps)...executed safely (allowed).

Package epstopdf Info: Result file: <./figs/stellar_mass-eps-converted-to.pdf>
(epstopdf)                    date: 2019-01-13 17:17:51
(epstopdf)                    size: 415847 bytes.

<./figs/stellar_mass-eps-converted-to.pdf, id=632, 467.7475pt x 358.33875pt>
File: ./figs/stellar_mass-eps-converted-to.pdf Graphic file (type pdf)

<use ./figs/stellar_mass-eps-converted-to.pdf>
Package pdftex.def Info: ./figs/stellar_mass-eps-converted-to.pdf used on input
 line 806.
(pdftex.def)             Requested size: 300.0pt x 229.83905pt.

Underfull \vbox (badness 10000) has occurred while \output is active []

 [15pdfTeX warning (ext4): destination with the same identifier (name{figure.7}
) has been already used, duplicate ignored

\AtBegShi@Output ...ipout \box \AtBeginShipoutBox 
                                                  \fi \fi 
l.829 
       <./figs/q_prior-eps-converted-to.pdf>]
Package epstopdf Info: Source file: <./figs/nir_colour_template.eps>
(epstopdf)                    date: 2018-09-13 11:54:32
(epstopdf)                    size: 136763 bytes
(epstopdf)             Output file: <./figs/nir_colour_template-eps-converted-t
o.pdf>
(epstopdf)             Command: <repstopdf --outfile=./figs/nir_colour_template
-eps-converted-to.pdf ./figs/nir_colour_template.eps>
(epstopdf)             \includegraphics on input line 845.
runsystem(repstopdf --outfile=./figs/nir_colour_template-eps-converted-to.pdf .
/figs/nir_colour_template.eps)...executed safely (allowed).

Package epstopdf Info: Result file: <./figs/nir_colour_template-eps-converted-t
o.pdf>
(epstopdf)                    date: 2019-01-13 17:17:52
(epstopdf)                    size: 72766 bytes.

<./figs/nir_colour_template-eps-converted-to.pdf, id=651, 475.7775pt x 356.3312
5pt>
File: ./figs/nir_colour_template-eps-converted-to.pdf Graphic file (type pdf)
 <use ./figs/nir_colour_template-eps-converted-to.pdf>
Package pdftex.def Info: ./figs/nir_colour_template-eps-converted-to.pdf used o
n input line 845.
(pdftex.def)             Requested size: 240.0pt x 179.74739pt.
Package epstopdf Info: Source file: <./figs/nir_colour.eps>
(epstopdf)                    date: 2018-09-13 11:54:32
(epstopdf)                    size: 157815 bytes
(epstopdf)             Output file: <./figs/nir_colour-eps-converted-to.pdf>
(epstopdf)             Command: <repstopdf --outfile=./figs/nir_colour-eps-conv
erted-to.pdf ./figs/nir_colour.eps>
(epstopdf)             \includegraphics on input line 846.
runsystem(repstopdf --outfile=./figs/nir_colour-eps-converted-to.pdf ./figs/nir
_colour.eps)...executed safely (allowed).

Package epstopdf Info: Result file: <./figs/nir_colour-eps-converted-to.pdf>
(epstopdf)                    date: 2019-01-13 17:17:53
(epstopdf)                    size: 100462 bytes.

<./figs/nir_colour-eps-converted-to.pdf, id=652, 475.7775pt x 396.48125pt>
File: ./figs/nir_colour-eps-converted-to.pdf Graphic file (type pdf)

<use ./figs/nir_colour-eps-converted-to.pdf>
Package pdftex.def Info: ./figs/nir_colour-eps-converted-to.pdf used on input l
ine 846.
(pdftex.def)             Requested size: 240.0pt x 200.00063pt.
 [16pdfTeX warning (ext4): destination with the same identifier (name{figure.8}
) has been already used, duplicate ignored

\AtBegShi@Output ...ipout \box \AtBeginShipoutBox 
                                                  \fi \fi 
l.876 \end{equation}
                     <./figs/likelihood_ratio_false_positive-eps-converted-to.p
df> <./figs/likelihood_ratio-eps-converted-to.pdf>]
Package epstopdf Info: Source file: <./figs/av_extinct.eps>
(epstopdf)                    date: 2018-09-13 11:54:32
(epstopdf)                    size: 2008046 bytes
(epstopdf)             Output file: <./figs/av_extinct-eps-converted-to.pdf>
(epstopdf)             Command: <repstopdf --outfile=./figs/av_extinct-eps-conv
erted-to.pdf ./figs/av_extinct.eps>
(epstopdf)             \includegraphics on input line 900.
runsystem(repstopdf --outfile=./figs/av_extinct-eps-converted-to.pdf ./figs/av_
extinct.eps)...executed safely (allowed).

Package epstopdf Info: Result file: <./figs/av_extinct-eps-converted-to.pdf>
(epstopdf)                    date: 2019-01-13 17:17:53
(epstopdf)                    size: 505139 bytes.

<./figs/av_extinct-eps-converted-to.pdf, id=690, 475.7775pt x 396.48125pt>
File: ./figs/av_extinct-eps-converted-to.pdf Graphic file (type pdf)

<use ./figs/av_extinct-eps-converted-to.pdf>
Package pdftex.def Info: ./figs/av_extinct-eps-converted-to.pdf used on input l
ine 900.
(pdftex.def)             Requested size: 240.0pt x 200.00063pt.

Underfull \hbox (badness 1107) in paragraph at lines 918--920
\T1/aer/m/n/9 We com-puted the op-ti-cal/NIR over-density pa-ram-e-ters
 []

Package epstopdf Info: Source file: <./figs/delta_nir_vs_fir.eps>
(epstopdf)                    date: 2018-09-13 11:54:32
(epstopdf)                    size: 177341 bytes
(epstopdf)             Output file: <./figs/delta_nir_vs_fir-eps-converted-to.p
df>
(epstopdf)             Command: <repstopdf --outfile=./figs/delta_nir_vs_fir-ep
s-converted-to.pdf ./figs/delta_nir_vs_fir.eps>
(epstopdf)             \includegraphics on input line 922.
runsystem(repstopdf --outfile=./figs/delta_nir_vs_fir-eps-converted-to.pdf ./fi
gs/delta_nir_vs_fir.eps)...executed safely (allowed).

Package epstopdf Info: Result file: <./figs/delta_nir_vs_fir-eps-converted-to.p
df>
(epstopdf)                    date: 2019-01-13 17:17:54
(epstopdf)                    size: 74328 bytes.

<./figs/delta_nir_vs_fir-eps-converted-to.pdf, id=693, 461.725pt x 358.33875pt>
File: ./figs/delta_nir_vs_fir-eps-converted-to.pdf Graphic file (type pdf)
<use ./figs/delta_nir_vs_fir-eps-converted-to.pdf>
Package pdftex.def Info: ./figs/delta_nir_vs_fir-eps-converted-to.pdf used on i
nput line 922.
(pdftex.def)             Requested size: 300.0pt x 232.82448pt.

Underfull \vbox (badness 10000) has occurred while \output is active []

 [17pdfTeX warning (ext4): destination with the same identifier (name{figure.9}
) has been already used, duplicate ignored

\AtBegShi@Output ...ipout \box \AtBeginShipoutBox 
                                                  \fi \fi 
l.938 
      pdfTeX warning (ext4): destination with the same identifier (name{table.4
}) has been already used, duplicate ignored

\AtBegShi@Output ...ipout \box \AtBeginShipoutBox 
                                                  \fi \fi 
l.938 
       <./figs/stellar_mass-eps-converted-to.pdf>] [18pdfTeX warning (ext4): de
stination with the same identifier (name{figure.10}) has been already used, dup
licate ignored

\AtBegShi@Output ...ipout \box \AtBeginShipoutBox 
                                                  \fi \fi 
l.954 
      pdfTeX warning (ext4): destination with the same identifier (name{figure.
11}) has been already used, duplicate ignored

\AtBegShi@Output ...ipout \box \AtBeginShipoutBox 
                                                  \fi \fi 
l.954 
       <./figs/nir_colour_template-eps-converted-to.pdf> <./figs/nir_colour-eps
-converted-to.pdf> <./figs/av_extinct-eps-converted-to.pdf>]
Underfull \hbox (badness 1199) in paragraph at lines 957--965
\T1/aer/m/n/9 from \T1/aer/m/it/9 Her\T1/aer/m/n/9 MES project ([][]$\T1/aett/m
/n/9 http : / / hermes . sussex . ac . uk/$[][]\T1/aer/m/n/9 ).
 []

(./lewis-mnras-2018.bbl

Package hyperref Warning: Suppressing empty link on input line 51.

[19pdfTeX warning (ext4): destination with the same identifier (name{figure.12}
) has been already used, duplicate ignored

\AtBegShi@Output ...ipout \box \AtBeginShipoutBox 
                                                  \fi \fi 
l.197   et~al.}{2013}]{hartley13}
                                  <./figs/delta_nir_vs_fir-eps-converted-to.pdf
>]

Package hyperref Warning: Suppressing empty link on input line 384.


Underfull \hbox (badness 4168) in paragraph at lines 383--386
[]\T1/aer/m/n/8 Safarzadeh M., Lu Y., Hay-ward C. C., 2017, preprint,
 []


Package hyperref Warning: Suppressing empty link on input line 457.

)
Package epstopdf Info: Source file: <./figs/S2COSMOSJ100209+023633-overdensity.
eps>
(epstopdf)                    date: 2018-09-13 11:54:32
(epstopdf)                    size: 256523 bytes
(epstopdf)             Output file: <./figs/S2COSMOSJ100209+023633-overdensity-
eps-converted-to.pdf>
(epstopdf)             Command: <repstopdf --outfile=./figs/S2COSMOSJ100209+023
633-overdensity-eps-converted-to.pdf ./figs/S2COSMOSJ100209+023633-overdensity.
eps>
(epstopdf)             \includegraphics on input line 978.
runsystem(repstopdf --outfile=./figs/S2COSMOSJ100209+023633-overdensity-eps-con
verted-to.pdf ./figs/S2COSMOSJ100209+023633-overdensity.eps)...executed safely 
(allowed).

Package epstopdf Info: Result file: <./figs/S2COSMOSJ100209+023633-overdensity-
eps-converted-to.pdf>
(epstopdf)                    date: 2019-01-13 17:17:55
(epstopdf)                    size: 124738 bytes.

<./figs/S2COSMOSJ100209+023633-overdensity-eps-converted-to.pdf, id=891, 461.72
5pt x 358.33875pt>
File: ./figs/S2COSMOSJ100209+023633-overdensity-eps-converted-to.pdf Graphic fi
le (type pdf)

<use ./figs/S2COSMOSJ100209+023633-overdensity-eps-converted-to.pdf>
Package pdftex.def Info: ./figs/S2COSMOSJ100209+023633-overdensity-eps-converte
d-to.pdf used on input line 978.
(pdftex.def)             Requested size: 252.0pt x 195.57234pt.
Package epstopdf Info: Source file: <./figs/S2COSMOSJ100209+023633-spire-rgb.ep
s>
(epstopdf)                    date: 2018-09-13 11:54:32
(epstopdf)                    size: 3140557 bytes
(epstopdf)             Output file: <./figs/S2COSMOSJ100209+023633-spire-rgb-ep
s-converted-to.pdf>
(epstopdf)             Command: <repstopdf --outfile=./figs/S2COSMOSJ100209+023
633-spire-rgb-eps-converted-to.pdf ./figs/S2COSMOSJ100209+023633-spire-rgb.eps>

(epstopdf)             \includegraphics on input line 979.
runsystem(repstopdf --outfile=./figs/S2COSMOSJ100209+023633-spire-rgb-eps-conve
rted-to.pdf ./figs/S2COSMOSJ100209+023633-spire-rgb.eps)...executed safely (all
owed).

Package epstopdf Info: Result file: <./figs/S2COSMOSJ100209+023633-spire-rgb-ep
s-converted-to.pdf>
(epstopdf)                    date: 2019-01-13 17:17:55
(epstopdf)                    size: 616470 bytes.

<./figs/S2COSMOSJ100209+023633-spire-rgb-eps-converted-to.pdf, id=892, 378.4137
6pt x 358.33875pt>
File: ./figs/S2COSMOSJ100209+023633-spire-rgb-eps-converted-to.pdf Graphic file
 (type pdf)

<use ./figs/S2COSMOSJ100209+023633-spire-rgb-eps-converted-to.pdf>
Package pdftex.def Info: ./figs/S2COSMOSJ100209+023633-spire-rgb-eps-converted-
to.pdf used on input line 979.
(pdftex.def)             Requested size: 206.64185pt x 195.68169pt.
Package epstopdf Info: Source file: <./figs/S2COSMOSJ100323+023352-overdensity.
eps>
(epstopdf)                    date: 2018-09-13 11:54:32
(epstopdf)                    size: 214512 bytes
(epstopdf)             Output file: <./figs/S2COSMOSJ100323+023352-overdensity-
eps-converted-to.pdf>
(epstopdf)             Command: <repstopdf --outfile=./figs/S2COSMOSJ100323+023
352-overdensity-eps-converted-to.pdf ./figs/S2COSMOSJ100323+023352-overdensity.
eps>
(epstopdf)             \includegraphics on input line 980.
runsystem(repstopdf --outfile=./figs/S2COSMOSJ100323+023352-overdensity-eps-con
verted-to.pdf ./figs/S2COSMOSJ100323+023352-overdensity.eps)...executed safely 
(allowed).

Package epstopdf Info: Result file: <./figs/S2COSMOSJ100323+023352-overdensity-
eps-converted-to.pdf>
(epstopdf)                    date: 2019-01-13 17:17:56
(epstopdf)                    size: 92445 bytes.

<./figs/S2COSMOSJ100323+023352-overdensity-eps-converted-to.pdf, id=893, 461.72
5pt x 358.33875pt>
File: ./figs/S2COSMOSJ100323+023352-overdensity-eps-converted-to.pdf Graphic fi
le (type pdf)

<use ./figs/S2COSMOSJ100323+023352-overdensity-eps-converted-to.pdf>
Package pdftex.def Info: ./figs/S2COSMOSJ100323+023352-overdensity-eps-converte
d-to.pdf used on input line 980.
(pdftex.def)             Requested size: 252.0pt x 195.57234pt.
Package epstopdf Info: Source file: <./figs/S2COSMOSJ100323+023352-spire-rgb.ep
s>
(epstopdf)                    date: 2018-09-13 11:54:32
(epstopdf)                    size: 2701105 bytes
(epstopdf)             Output file: <./figs/S2COSMOSJ100323+023352-spire-rgb-ep
s-converted-to.pdf>
(epstopdf)             Command: <repstopdf --outfile=./figs/S2COSMOSJ100323+023
352-spire-rgb-eps-converted-to.pdf ./figs/S2COSMOSJ100323+023352-spire-rgb.eps>

(epstopdf)             \includegraphics on input line 981.
runsystem(repstopdf --outfile=./figs/S2COSMOSJ100323+023352-spire-rgb-eps-conve
rted-to.pdf ./figs/S2COSMOSJ100323+023352-spire-rgb.eps)...executed safely (all
owed).

Package epstopdf Info: Result file: <./figs/S2COSMOSJ100323+023352-spire-rgb-ep
s-converted-to.pdf>
(epstopdf)                    date: 2019-01-13 17:17:57
(epstopdf)                    size: 537498 bytes.

<./figs/S2COSMOSJ100323+023352-spire-rgb-eps-converted-to.pdf, id=894, 378.4137
6pt x 358.33875pt>
File: ./figs/S2COSMOSJ100323+023352-spire-rgb-eps-converted-to.pdf Graphic file
 (type pdf)

<use ./figs/S2COSMOSJ100323+023352-spire-rgb-eps-converted-to.pdf>
Package pdftex.def Info: ./figs/S2COSMOSJ100323+023352-spire-rgb-eps-converted-
to.pdf used on input line 981.
(pdftex.def)             Requested size: 206.64185pt x 195.68169pt.
Package epstopdf Info: Source file: <./figs/S2COSMOSJ100235+024731-overdensity.
eps>
(epstopdf)                    date: 2018-09-13 11:54:32
(epstopdf)                    size: 229042 bytes
(epstopdf)             Output file: <./figs/S2COSMOSJ100235+024731-overdensity-
eps-converted-to.pdf>
(epstopdf)             Command: <repstopdf --outfile=./figs/S2COSMOSJ100235+024
731-overdensity-eps-converted-to.pdf ./figs/S2COSMOSJ100235+024731-overdensity.
eps>
(epstopdf)             \includegraphics on input line 982.
runsystem(repstopdf --outfile=./figs/S2COSMOSJ100235+024731-overdensity-eps-con
verted-to.pdf ./figs/S2COSMOSJ100235+024731-overdensity.eps)...executed safely 
(allowed).

Package epstopdf Info: Result file: <./figs/S2COSMOSJ100235+024731-overdensity-
eps-converted-to.pdf>
(epstopdf)                    date: 2019-01-13 17:17:57
(epstopdf)                    size: 103762 bytes.

<./figs/S2COSMOSJ100235+024731-overdensity-eps-converted-to.pdf, id=895, 461.72
5pt x 358.33875pt>
File: ./figs/S2COSMOSJ100235+024731-overdensity-eps-converted-to.pdf Graphic fi
le (type pdf)

<use ./figs/S2COSMOSJ100235+024731-overdensity-eps-converted-to.pdf>
Package pdftex.def Info: ./figs/S2COSMOSJ100235+024731-overdensity-eps-converte
d-to.pdf used on input line 982.
(pdftex.def)             Requested size: 252.0pt x 195.57234pt.
Package epstopdf Info: Source file: <./figs/S2COSMOSJ100235+024731-spire-rgb.ep
s>
(epstopdf)                    date: 2018-09-13 11:54:32
(epstopdf)                    size: 3110102 bytes
(epstopdf)             Output file: <./figs/S2COSMOSJ100235+024731-spire-rgb-ep
s-converted-to.pdf>
(epstopdf)             Command: <repstopdf --outfile=./figs/S2COSMOSJ100235+024
731-spire-rgb-eps-converted-to.pdf ./figs/S2COSMOSJ100235+024731-spire-rgb.eps>

(epstopdf)             \includegraphics on input line 983.
runsystem(repstopdf --outfile=./figs/S2COSMOSJ100235+024731-spire-rgb-eps-conve
rted-to.pdf ./figs/S2COSMOSJ100235+024731-spire-rgb.eps)...executed safely (all
owed).

Package epstopdf Info: Result file: <./figs/S2COSMOSJ100235+024731-spire-rgb-ep
s-converted-to.pdf>
(epstopdf)                    date: 2019-01-13 17:17:58
(epstopdf)                    size: 608195 bytes.

<./figs/S2COSMOSJ100235+024731-spire-rgb-eps-converted-to.pdf, id=896, 378.4137
6pt x 358.33875pt>
File: ./figs/S2COSMOSJ100235+024731-spire-rgb-eps-converted-to.pdf Graphic file
 (type pdf)

<use ./figs/S2COSMOSJ100235+024731-spire-rgb-eps-converted-to.pdf>
Package pdftex.def Info: ./figs/S2COSMOSJ100235+024731-spire-rgb-eps-converted-
to.pdf used on input line 983.
(pdftex.def)             Requested size: 206.64185pt x 195.68169pt.
Package epstopdf Info: Source file: <./figs/S2COSMOSJ095931+023043-overdensity.
eps>
(epstopdf)                    date: 2018-09-13 11:54:32
(epstopdf)                    size: 389236 bytes
(epstopdf)             Output file: <./figs/S2COSMOSJ095931+023043-overdensity-
eps-converted-to.pdf>
(epstopdf)             Command: <repstopdf --outfile=./figs/S2COSMOSJ095931+023
043-overdensity-eps-converted-to.pdf ./figs/S2COSMOSJ095931+023043-overdensity.
eps>
(epstopdf)             \includegraphics on input line 991.
runsystem(repstopdf --outfile=./figs/S2COSMOSJ095931+023043-overdensity-eps-con
verted-to.pdf ./figs/S2COSMOSJ095931+023043-overdensity.eps)...executed safely 
(allowed).

Package epstopdf Info: Result file: <./figs/S2COSMOSJ095931+023043-overdensity-
eps-converted-to.pdf>
(epstopdf)                    date: 2019-01-13 17:17:59
(epstopdf)                    size: 125489 bytes.

<./figs/S2COSMOSJ095931+023043-overdensity-eps-converted-to.pdf, id=898, 461.72
5pt x 358.33875pt>
File: ./figs/S2COSMOSJ095931+023043-overdensity-eps-converted-to.pdf Graphic fi
le (type pdf)

<use ./figs/S2COSMOSJ095931+023043-overdensity-eps-converted-to.pdf>
Package pdftex.def Info: ./figs/S2COSMOSJ095931+023043-overdensity-eps-converte
d-to.pdf used on input line 991.
(pdftex.def)             Requested size: 252.0pt x 195.57234pt.
Package epstopdf Info: Source file: <./figs/S2COSMOSJ095931+023043-spire-rgb.ep
s>
(epstopdf)                    date: 2018-09-13 11:54:32
(epstopdf)                    size: 3110085 bytes
(epstopdf)             Output file: <./figs/S2COSMOSJ095931+023043-spire-rgb-ep
s-converted-to.pdf>
(epstopdf)             Command: <repstopdf --outfile=./figs/S2COSMOSJ095931+023
043-spire-rgb-eps-converted-to.pdf ./figs/S2COSMOSJ095931+023043-spire-rgb.eps>

(epstopdf)             \includegraphics on input line 992.
runsystem(repstopdf --outfile=./figs/S2COSMOSJ095931+023043-spire-rgb-eps-conve
rted-to.pdf ./figs/S2COSMOSJ095931+023043-spire-rgb.eps)...executed safely (all
owed).

Package epstopdf Info: Result file: <./figs/S2COSMOSJ095931+023043-spire-rgb-ep
s-converted-to.pdf>
(epstopdf)                    date: 2019-01-13 17:18:00
(epstopdf)                    size: 606647 bytes.

<./figs/S2COSMOSJ095931+023043-spire-rgb-eps-converted-to.pdf, id=899, 378.4137
6pt x 358.33875pt>
File: ./figs/S2COSMOSJ095931+023043-spire-rgb-eps-converted-to.pdf Graphic file
 (type pdf)

<use ./figs/S2COSMOSJ095931+023043-spire-rgb-eps-converted-to.pdf>
Package pdftex.def Info: ./figs/S2COSMOSJ095931+023043-spire-rgb-eps-converted-
to.pdf used on input line 992.
(pdftex.def)             Requested size: 206.64185pt x 195.68169pt.
Package epstopdf Info: Source file: <./figs/S2CLSJ021631-052622-overdensity.eps
>
(epstopdf)                    date: 2018-09-13 11:54:32
(epstopdf)                    size: 244312 bytes
(epstopdf)             Output file: <./figs/S2CLSJ021631-052622-overdensity-eps
-converted-to.pdf>
(epstopdf)             Command: <repstopdf --outfile=./figs/S2CLSJ021631-052622
-overdensity-eps-converted-to.pdf ./figs/S2CLSJ021631-052622-overdensity.eps>
(epstopdf)             \includegraphics on input line 993.
runsystem(repstopdf --outfile=./figs/S2CLSJ021631-052622-overdensity-eps-conver
ted-to.pdf ./figs/S2CLSJ021631-052622-overdensity.eps)...executed safely (allow
ed).

Package epstopdf Info: Result file: <./figs/S2CLSJ021631-052622-overdensity-eps
-converted-to.pdf>
(epstopdf)                    date: 2019-01-13 17:18:00
(epstopdf)                    size: 115960 bytes.

<./figs/S2CLSJ021631-052622-overdensity-eps-converted-to.pdf, id=900, 461.725pt
 x 358.33875pt>
File: ./figs/S2CLSJ021631-052622-overdensity-eps-converted-to.pdf Graphic file 
(type pdf)

<use ./figs/S2CLSJ021631-052622-overdensity-eps-converted-to.pdf>
Package pdftex.def Info: ./figs/S2CLSJ021631-052622-overdensity-eps-converted-t
o.pdf used on input line 993.
(pdftex.def)             Requested size: 252.0pt x 195.57234pt.
Package epstopdf Info: Source file: <./figs/S2CLSJ021631-052622-spire-rgb.eps>
(epstopdf)                    date: 2018-09-13 11:54:32
(epstopdf)                    size: 2133886 bytes
(epstopdf)             Output file: <./figs/S2CLSJ021631-052622-spire-rgb-eps-c
onverted-to.pdf>
(epstopdf)             Command: <repstopdf --outfile=./figs/S2CLSJ021631-052622
-spire-rgb-eps-converted-to.pdf ./figs/S2CLSJ021631-052622-spire-rgb.eps>
(epstopdf)             \includegraphics on input line 994.
runsystem(repstopdf --outfile=./figs/S2CLSJ021631-052622-spire-rgb-eps-converte
d-to.pdf ./figs/S2CLSJ021631-052622-spire-rgb.eps)...executed safely (allowed).

Package epstopdf Info: Result file: <./figs/S2CLSJ021631-052622-spire-rgb-eps-c
onverted-to.pdf>
(epstopdf)                    date: 2019-01-13 17:18:01
(epstopdf)                    size: 430457 bytes.

<./figs/S2CLSJ021631-052622-spire-rgb-eps-converted-to.pdf, id=901, 378.41376pt
 x 358.33875pt>
File: ./figs/S2CLSJ021631-052622-spire-rgb-eps-converted-to.pdf Graphic file (t
ype pdf)

<use ./figs/S2CLSJ021631-052622-spire-rgb-eps-converted-to.pdf>
Package pdftex.def Info: ./figs/S2CLSJ021631-052622-spire-rgb-eps-converted-to.
pdf used on input line 994.
(pdftex.def)             Requested size: 206.64185pt x 195.68169pt.
Package epstopdf Info: Source file: <./figs/S2COSMOSJ100257+014257-overdensity.
eps>
(epstopdf)                    date: 2018-09-13 11:54:32
(epstopdf)                    size: 242536 bytes
(epstopdf)             Output file: <./figs/S2COSMOSJ100257+014257-overdensity-
eps-converted-to.pdf>
(epstopdf)             Command: <repstopdf --outfile=./figs/S2COSMOSJ100257+014
257-overdensity-eps-converted-to.pdf ./figs/S2COSMOSJ100257+014257-overdensity.
eps>
(epstopdf)             \includegraphics on input line 995.
runsystem(repstopdf --outfile=./figs/S2COSMOSJ100257+014257-overdensity-eps-con
verted-to.pdf ./figs/S2COSMOSJ100257+014257-overdensity.eps)...executed safely 
(allowed).

Package epstopdf Info: Result file: <./figs/S2COSMOSJ100257+014257-overdensity-
eps-converted-to.pdf>
(epstopdf)                    date: 2019-01-13 17:18:01
(epstopdf)                    size: 114178 bytes.

<./figs/S2COSMOSJ100257+014257-overdensity-eps-converted-to.pdf, id=902, 461.72
5pt x 358.33875pt>
File: ./figs/S2COSMOSJ100257+014257-overdensity-eps-converted-to.pdf Graphic fi
le (type pdf)

<use ./figs/S2COSMOSJ100257+014257-overdensity-eps-converted-to.pdf>
Package pdftex.def Info: ./figs/S2COSMOSJ100257+014257-overdensity-eps-converte
d-to.pdf used on input line 995.
(pdftex.def)             Requested size: 252.0pt x 195.57234pt.
Package epstopdf Info: Source file: <./figs/S2COSMOSJ100257+014257-spire-rgb.ep
s>
(epstopdf)                    date: 2018-09-13 11:54:32
(epstopdf)                    size: 2856019 bytes
(epstopdf)             Output file: <./figs/S2COSMOSJ100257+014257-spire-rgb-ep
s-converted-to.pdf>
(epstopdf)             Command: <repstopdf --outfile=./figs/S2COSMOSJ100257+014
257-spire-rgb-eps-converted-to.pdf ./figs/S2COSMOSJ100257+014257-spire-rgb.eps>

(epstopdf)             \includegraphics on input line 996.
runsystem(repstopdf --outfile=./figs/S2COSMOSJ100257+014257-spire-rgb-eps-conve
rted-to.pdf ./figs/S2COSMOSJ100257+014257-spire-rgb.eps)...executed safely (all
owed).

Package epstopdf Info: Result file: <./figs/S2COSMOSJ100257+014257-spire-rgb-ep
s-converted-to.pdf>
(epstopdf)                    date: 2019-01-13 17:18:02
(epstopdf)                    size: 552839 bytes.

<./figs/S2COSMOSJ100257+014257-spire-rgb-eps-converted-to.pdf, id=903, 378.4137
6pt x 358.33875pt>
File: ./figs/S2COSMOSJ100257+014257-spire-rgb-eps-converted-to.pdf Graphic file
 (type pdf)

<use ./figs/S2COSMOSJ100257+014257-spire-rgb-eps-converted-to.pdf>
Package pdftex.def Info: ./figs/S2COSMOSJ100257+014257-spire-rgb-eps-converted-
to.pdf used on input line 996.
(pdftex.def)             Requested size: 206.64185pt x 195.68169pt.
Package atveryend Info: Empty hook `BeforeClearDocument' on input line 1004.
 [20]
Underfull \vbox (badness 10000) has occurred while \output is active []

 [21pdfTeX warning (ext4): destination with the same identifier (name{figure.A1
.1}) has been already used, duplicate ignored

\AtBegShi@Output ...ipout \box \AtBeginShipoutBox 
                                                  \fi \fi 
l.1004 \end{document}
                      <./figs/S2COSMOSJ100209+023633-overdensity-eps-converted-
to.pdf> <./figs/S2COSMOSJ100209+023633-spire-rgb-eps-converted-to.pdf> <./figs/
S2COSMOSJ100323+023352-overdensity-eps-converted-to.pdf> <./figs/S2COSMOSJ10032
3+023352-spire-rgb-eps-converted-to.pdf> <./figs/S2COSMOSJ100235+024731-overden
sity-eps-converted-to.pdf> <./figs/S2COSMOSJ100235+024731-spire-rgb-eps-convert
ed-to.pdf>]
Underfull \vbox (badness 10000) has occurred while \output is active []

 [22pdfTeX warning (ext4): destination with the same identifier (name{figure.A1
.1}) has been already used, duplicate ignored

\AtBegShi@Output ...ipout \box \AtBeginShipoutBox 
                                                  \fi \fi 
l.1004 \end{document}
                     pdfTeX warning (ext4): destination with the same identifie
r (name{figure.A1.1}) has been already used, duplicate ignored

\AtBegShi@Output ...ipout \box \AtBeginShipoutBox 
                                                  \fi \fi 
l.1004 \end{document}
                      <./figs/S2COSMOSJ095931+023043-overdensity-eps-converted-
to.pdf> <./figs/S2COSMOSJ095931+023043-spire-rgb-eps-converted-to.pdf> <./figs/
S2CLSJ021631-052622-overdensity-eps-converted-to.pdf> <./figs/S2CLSJ021631-0526
22-spire-rgb-eps-converted-to.pdf> <./figs/S2COSMOSJ100257+014257-overdensity-e
ps-converted-to.pdf> <./figs/S2COSMOSJ100257+014257-spire-rgb-eps-converted-to.
pdf>]
Package atveryend Info: Empty hook `AfterLastShipout' on input line 1004.
 (./lewis-mnras-2018.aux)
Package atveryend Info: Empty hook `AtVeryEndDocument' on input line 1004.
Package atveryend Info: Executing hook `AtEndAfterFileList' on input line 1004.

Package rerunfilecheck Info: File `lewis-mnras-2018.out' has not changed.
(rerunfilecheck)             Checksum: 044C6D8DF56B3968612968B02F6D8D88;1401.


LaTeX Warning: Label(s) may have changed. Rerun to get cross-references right.

Package atveryend Info: Empty hook `AtVeryVeryEnd' on input line 1004.
 ) 
Here is how much of TeX's memory you used:
 8726 strings out of 492995
 129904 string characters out of 6132703
 287780 words of memory out of 5000000
 11865 multiletter control sequences out of 15000+600000
 66708 words of font info for 138 fonts, out of 8000000 for 9000
 1141 hyphenation exceptions out of 8191
 35i,18n,34p,1778b,532s stack positions out of 5000i,500n,10000p,200000b,80000s
</usr/local/texlive/2017/texmf-dist/fonts/type1/public/amsfonts/cm/cmbx10.pfb
></usr/local/texlive/2017/texmf-dist/fonts/type1/public/amsfonts/cm/cmbx12.pfb>
</usr/local/texlive/2017/texmf-dist/fonts/type1/public/amsfonts/cm/cmbx8.pfb></
usr/local/texlive/2017/texmf-dist/fonts/type1/public/amsfonts/cm/cmbx9.pfb></us
r/local/texlive/2017/texmf-dist/fonts/type1/public/amsfonts/cm/cmcsc10.pfb></us
r/local/texlive/2017/texmf-dist/fonts/type1/public/amsfonts/cmextra/cmex8.pfb><
/usr/local/texlive/2017/texmf-dist/fonts/type1/public/amsfonts/cmextra/cmex9.pf
b></usr/local/texlive/2017/texmf-dist/fonts/type1/public/amsfonts/cm/cmmi10.pfb
></usr/local/texlive/2017/texmf-dist/fonts/type1/public/amsfonts/cm/cmmi5.pfb><
/usr/local/texlive/2017/texmf-dist/fonts/type1/public/amsfonts/cm/cmmi6.pfb></u
sr/local/texlive/2017/texmf-dist/fonts/type1/public/amsfonts/cm/cmmi7.pfb></usr
/local/texlive/2017/texmf-dist/fonts/type1/public/amsfonts/cm/cmmi8.pfb></usr/l
ocal/texlive/2017/texmf-dist/fonts/type1/public/amsfonts/cm/cmmi9.pfb></usr/loc
al/texlive/2017/texmf-dist/fonts/type1/public/amsfonts/cmextra/cmmib8.pfb></usr
/local/texlive/2017/texmf-dist/fonts/type1/public/amsfonts/cm/cmr10.pfb></usr/l
ocal/texlive/2017/texmf-dist/fonts/type1/public/amsfonts/cm/cmr12.pfb></usr/loc
al/texlive/2017/texmf-dist/fonts/type1/public/amsfonts/cm/cmr5.pfb></usr/local/
texlive/2017/texmf-dist/fonts/type1/public/amsfonts/cm/cmr6.pfb></usr/local/tex
live/2017/texmf-dist/fonts/type1/public/amsfonts/cm/cmr7.pfb></usr/local/texliv
e/2017/texmf-dist/fonts/type1/public/amsfonts/cm/cmr8.pfb></usr/local/texlive/2
017/texmf-dist/fonts/type1/public/amsfonts/cm/cmr9.pfb></usr/local/texlive/2017
/texmf-dist/fonts/type1/public/amsfonts/cm/cmsy10.pfb></usr/local/texlive/2017/
texmf-dist/fonts/type1/public/amsfonts/cm/cmsy6.pfb></usr/local/texlive/2017/te
xmf-dist/fonts/type1/public/amsfonts/cm/cmsy7.pfb></usr/local/texlive/2017/texm
f-dist/fonts/type1/public/amsfonts/cm/cmsy8.pfb></usr/local/texlive/2017/texmf-
dist/fonts/type1/public/amsfonts/cm/cmsy9.pfb></usr/local/texlive/2017/texmf-di
st/fonts/type1/public/amsfonts/cm/cmti10.pfb></usr/local/texlive/2017/texmf-dis
t/fonts/type1/public/amsfonts/cm/cmti12.pfb></usr/local/texlive/2017/texmf-dist
/fonts/type1/public/amsfonts/cm/cmti8.pfb></usr/local/texlive/2017/texmf-dist/f
onts/type1/public/amsfonts/cm/cmti9.pfb></usr/local/texlive/2017/texmf-dist/fon
ts/type1/public/amsfonts/cm/cmtt8.pfb></usr/local/texlive/2017/texmf-dist/fonts
/type1/public/amsfonts/cm/cmtt9.pfb></usr/local/texlive/2017/texmf-dist/fonts/t
ype1/public/amsfonts/symbols/msam10.pfb>
Output written on lewis-mnras-2018.pdf (22 pages, 8819926 bytes).
PDF statistics:
 1114 PDF objects out of 1200 (max. 8388607)
 942 compressed objects within 10 object streams
 167 named destinations out of 1000 (max. 500000)
 318 words of extra memory for PDF output out of 10000 (max. 10000000)

